<?xml version="1.0" encoding="UTF-8"?>
<testsuite name="Cucumber" time="15.153" tests="3" skipped="0" failures="1" errors="0">
<testcase classname="Test Sign Up of DemoBlaze store" name="Verify Sign Up is successful with valid information" time="5.806">
<system-out><![CDATA[
Given browser is open.......................................................passed
And user is on sign up page.................................................passed
And user enters sign up username and password...............................passed
When user clicks on sign up button..........................................passed
Then user is redirected to the home page....................................passed
]]></system-out>
</testcase>
<testcase classname="Test Login of DemoBlaze store" name="Verify user can add a new item to cart" time="4.248">
<system-out><![CDATA[
Given browser is open.......................................................passed
And user is on login page...................................................passed
And user enters login username and password.................................passed
When user clicks on login button............................................passed
Then user is redirected to the home page....................................passed
]]></system-out>
</testcase>
<testcase classname="Test Login of DemoBlaze store" name="Verify Item is added to cart" time="4.9">
<failure type="org.openqa.selenium.StaleElementReferenceException" message="stale element reference: stale element not found
  (Session info: chrome=119.0.6045.199)
For documentation on this error, please visit: https://www.selenium.dev/documentation/webdriver/troubleshooting/errors#stale-element-reference-exception
Build info: version: '4.15.0', revision: '1d14b5521b'
System info: os.name: 'Mac OS X', os.arch: 'x86_64', os.version: '13.6.1', java.version: '17.0.9'
Driver info: org.openqa.selenium.chrome.ChromeDriver
Command: [c7a316b1166fee36c4dbcfed3c14e1f5, clickElement {id=3F27A5F8638D5AEBA08A033162C6C17A_element_82}]
Capabilities {acceptInsecureCerts: false, browserName: chrome, browserVersion: 119.0.6045.199, chrome: {chromedriverVersion: 119.0.6045.105 (38c72552c5e..., userDataDir: /var/folders/5q/3d33zkm1259...}, fedcm:accounts: true, goog:chromeOptions: {debuggerAddress: localhost:59801}, networkConnectionEnabled: false, pageLoadStrategy: normal, platformName: mac, proxy: Proxy(), se:cdp: ws://localhost:59801/devtoo..., se:cdpVersion: 119.0.6045.199, setWindowRect: true, strictFileInteractability: false, timeouts: {implicit: 0, pageLoad: 300000, script: 30000}, unhandledPromptBehavior: dismiss and notify, webauthn:extension:credBlob: true, webauthn:extension:largeBlob: true, webauthn:extension:minPinLength: true, webauthn:extension:prf: true, webauthn:virtualAuthenticators: true}
Element: [[ChromeDriver: chrome on mac (c7a316b1166fee36c4dbcfed3c14e1f5)] -&gt; xpath: //a[@href='#']]
Session ID: c7a316b1166fee36c4dbcfed3c14e1f5">
<![CDATA[org.openqa.selenium.StaleElementReferenceException: stale element reference: stale element not found
  (Session info: chrome=119.0.6045.199)
For documentation on this error, please visit: https://www.selenium.dev/documentation/webdriver/troubleshooting/errors#stale-element-reference-exception
Build info: version: '4.15.0', revision: '1d14b5521b'
System info: os.name: 'Mac OS X', os.arch: 'x86_64', os.version: '13.6.1', java.version: '17.0.9'
Driver info: org.openqa.selenium.chrome.ChromeDriver
Command: [c7a316b1166fee36c4dbcfed3c14e1f5, clickElement {id=3F27A5F8638D5AEBA08A033162C6C17A_element_82}]
Capabilities {acceptInsecureCerts: false, browserName: chrome, browserVersion: 119.0.6045.199, chrome: {chromedriverVersion: 119.0.6045.105 (38c72552c5e..., userDataDir: /var/folders/5q/3d33zkm1259...}, fedcm:accounts: true, goog:chromeOptions: {debuggerAddress: localhost:59801}, networkConnectionEnabled: false, pageLoadStrategy: normal, platformName: mac, proxy: Proxy(), se:cdp: ws://localhost:59801/devtoo..., se:cdpVersion: 119.0.6045.199, setWindowRect: true, strictFileInteractability: false, timeouts: {implicit: 0, pageLoad: 300000, script: 30000}, unhandledPromptBehavior: dismiss and notify, webauthn:extension:credBlob: true, webauthn:extension:largeBlob: true, webauthn:extension:minPinLength: true, webauthn:extension:prf: true, webauthn:virtualAuthenticators: true}
Element: [[ChromeDriver: chrome on mac (c7a316b1166fee36c4dbcfed3c14e1f5)] -> xpath: //a[@href='#']]
Session ID: c7a316b1166fee36c4dbcfed3c14e1f5
	at java.base/jdk.internal.reflect.NativeConstructorAccessorImpl.newInstance0(Native Method)
	at java.base/jdk.internal.reflect.NativeConstructorAccessorImpl.newInstance(NativeConstructorAccessorImpl.java:77)
	at java.base/jdk.internal.reflect.DelegatingConstructorAccessorImpl.newInstance(DelegatingConstructorAccessorImpl.java:45)
	at java.base/java.lang.reflect.Constructor.newInstanceWithCaller(Constructor.java:499)
	at java.base/java.lang.reflect.Constructor.newInstance(Constructor.java:480)
	at org.openqa.selenium.remote.codec.w3c.W3CHttpResponseCodec.createException(W3CHttpResponseCodec.java:200)
	at org.openqa.selenium.remote.codec.w3c.W3CHttpResponseCodec.decode(W3CHttpResponseCodec.java:133)
	at org.openqa.selenium.remote.codec.w3c.W3CHttpResponseCodec.decode(W3CHttpResponseCodec.java:52)
	at org.openqa.selenium.remote.HttpCommandExecutor.execute(HttpCommandExecutor.java:191)
	at org.openqa.selenium.remote.service.DriverCommandExecutor.invokeExecute(DriverCommandExecutor.java:200)
	at org.openqa.selenium.remote.service.DriverCommandExecutor.execute(DriverCommandExecutor.java:175)
	at org.openqa.selenium.remote.RemoteWebDriver.execute(RemoteWebDriver.java:607)
	at org.openqa.selenium.remote.RemoteWebElement.execute(RemoteWebElement.java:224)
	at org.openqa.selenium.remote.RemoteWebElement.click(RemoteWebElement.java:77)
	at StepDefinitions.UserData.user_verify_item_cart(UserData.java:106)
	at âœ½.user verifies the item in the cart(file:///Users/andiloco/eclipse-workspace/Baufest/BaufestCucumber/src/test/resources/Features-Store/2AddtoCart.feature:15)
]]>
</failure>
<system-out><![CDATA[
Given browser is open.......................................................passed
And user is on login page...................................................passed
And user enters login username and password.................................passed
When user clicks on login button............................................passed
Then user add a new item to cart............................................passed
And user verifies the item in the cart......................................failed
]]></system-out>
</testcase>
</testsuite>
